<?xml version="1.0" encoding="UTF-8"?>
<!-- Generated by org.testng.reporters.JUnitXMLReporter -->
<testsuite hostname="Rishis-MacBook-Air.local" ignored="0" name="invalidLoginTest" tests="1" failures="1" timestamp="02 May 2021 10:26:35 GMT" time="4.186" errors="0">
  <testcase name="invalidLoginTest" time="0.654" classname="com.qa.saucedemo.test.TC1LoginPageError">
    <failure type="java.lang.AssertionError" message="expected [https://www.saucedemo.com/inventory.html] but found [https://www.saucedemo.com/]">
      <![CDATA[java.lang.AssertionError: expected [https://www.saucedemo.com/inventory.html] but found [https://www.saucedemo.com/]
at com.qa.saucedemo.test.TC1LoginPageError.invalidLoginTest(TC1LoginPageError.java:30)
... Removed 31 stack frames]]>
    </failure>
  </testcase> <!-- invalidLoginTest -->
</testsuite> <!-- invalidLoginTest -->
